<?xml version="1.0" encoding="UTF-8"?>
<testsuite name="edu.drexel.se320.ClosedBoxTests" tests="13" skipped="0" failures="0" errors="0" timestamp="2025-10-18T01:37:20.720Z" hostname="SAMIIWORKAHOLIC" time="0.054">
  <properties/>
  <testcase name="Target not present: NoSuchElementException with informative message" classname="edu.drexel.se320.ClosedBoxTests" time="0.033"/>
  <testcase name="Empty array: IllegalArgumentException with informative message" classname="edu.drexel.se320.ClosedBoxTests" time="0.007"/>
  <testcase name="Find in single-element array" classname="edu.drexel.se320.ClosedBoxTests" time="0.002"/>
  <testcase name="Find last element (boundary at end)" classname="edu.drexel.se320.ClosedBoxTests" time="0.0"/>
  <testcase name="Find element in the middle of a sorted array" classname="edu.drexel.se320.ClosedBoxTests" time="0.001"/>
  <testcase name="Find first element (boundary at start)" classname="edu.drexel.se320.ClosedBoxTests" time="0.0"/>
  <testcase name="Target not found above maximum" classname="edu.drexel.se320.ClosedBoxTests" time="0.0"/>
  <testcase name="Target not found below minimum" classname="edu.drexel.se320.ClosedBoxTests" time="0.0"/>
  <testcase name="Null array: IllegalArgumentException with informative message" classname="edu.drexel.se320.ClosedBoxTests" time="0.0"/>
  <testcase name="Single element not found" classname="edu.drexel.se320.ClosedBoxTests" time="0.0"/>
  <testcase name="Duplicates: returns any matching index" classname="edu.drexel.se320.ClosedBoxTests" time="0.001"/>
  <testcase name="Binary search must not modify the input array" classname="edu.drexel.se320.ClosedBoxTests" time="0.003"/>
  <testcase name="Null target: IllegalArgumentException with informative message" classname="edu.drexel.se320.ClosedBoxTests" time="0.001"/>
  <system-out><![CDATA[]]></system-out>
  <system-err><![CDATA[]]></system-err>
</testsuite>
